{"C:\\Github\\Candles-Cuddles\\backend\\src\\app.ts": {"path":"C:\\Github\\Candles-Cuddles\\backend\\src\\app.ts","statementMap":{"0":{"start":{"line":1,"column":0},"end":{"line":1,"column":30}},"1":{"start":{"line":2,"column":0},"end":{"line":2,"column":30}},"2":{"start":{"line":3,"column":0},"end":{"line":3,"column":28}},"3":{"start":{"line":4,"column":0},"end":{"line":4,"column":38}},"4":{"start":{"line":5,"column":0},"end":{"line":5,"column":24}},"5":{"start":{"line":6,"column":0},"end":{"line":6,"column":39}},"6":{"start":{"line":7,"column":0},"end":{"line":7,"column":43}},"7":{"start":{"line":8,"column":0},"end":{"line":8,"column":62}},"8":{"start":{"line":9,"column":0},"end":{"line":9,"column":50}},"9":{"start":{"line":10,"column":0},"end":{"line":10,"column":62}},"10":{"start":{"line":11,"column":0},"end":{"line":11,"column":34}},"11":{"start":{"line":12,"column":0},"end":{"line":12,"column":58}},"12":{"start":{"line":14,"column":12},"end":{"line":14,"column":21}},"13":{"start":{"line":56,"column":9},"end":{"line":56,"column":12}},"14":{"start":{"line":16,"column":22},"end":{"line":16,"column":45}},"15":{"start":{"line":18,"column":0},"end":{"line":25,"column":1}},"16":{"start":{"line":19,"column":2},"end":{"line":23,"column":5}},"17":{"start":{"line":24,"column":2},"end":{"line":24,"column":44}},"18":{"start":{"line":27,"column":0},"end":{"line":35,"column":2}},"19":{"start":{"line":30,"column":6},"end":{"line":32,"column":7}},"20":{"start":{"line":31,"column":9},"end":{"line":31,"column":46}},"21":{"start":{"line":36,"column":0},"end":{"line":36,"column":48}},"22":{"start":{"line":37,"column":0},"end":{"line":37,"column":18}},"23":{"start":{"line":38,"column":0},"end":{"line":43,"column":2}},"24":{"start":{"line":44,"column":0},"end":{"line":44,"column":23}},"25":{"start":{"line":45,"column":0},"end":{"line":45,"column":24}},"26":{"start":{"line":46,"column":0},"end":{"line":46,"column":20}},"27":{"start":{"line":47,"column":0},"end":{"line":47,"column":29}},"28":{"start":{"line":49,"column":0},"end":{"line":49,"column":27}},"29":{"start":{"line":51,"column":0},"end":{"line":53,"column":1}},"30":{"start":{"line":52,"column":2},"end":{"line":52,"column":42}},"31":{"start":{"line":54,"column":0},"end":{"line":54,"column":22}}},"fnMap":{"0":{"name":"(anonymous_10)","decl":{"start":{"line":29,"column":12},"end":{"line":29,"column":13}},"loc":{"start":{"line":29,"column":31},"end":{"line":33,"column":5}}}},"branchMap":{"0":{"loc":{"start":{"line":18,"column":0},"end":{"line":25,"column":1}},"type":"if","locations":[{"start":{"line":18,"column":0},"end":{"line":25,"column":1}},{"start":{},"end":{}}]},"1":{"loc":{"start":{"line":22,"column":22},"end":{"line":22,"column":38}},"type":"cond-expr","locations":[{"start":{"line":22,"column":31},"end":{"line":22,"column":34}},{"start":{"line":22,"column":37},"end":{"line":22,"column":38}}]},"2":{"loc":{"start":{"line":30,"column":6},"end":{"line":32,"column":7}},"type":"if","locations":[{"start":{"line":30,"column":6},"end":{"line":32,"column":7}},{"start":{},"end":{}}]},"3":{"loc":{"start":{"line":40,"column":12},"end":{"line":40,"column":83}},"type":"cond-expr","locations":[{"start":{"line":40,"column":34},"end":{"line":40,"column":64}},{"start":{"line":40,"column":67},"end":{"line":40,"column":83}}]},"4":{"loc":{"start":{"line":51,"column":0},"end":{"line":53,"column":1}},"type":"if","locations":[{"start":{"line":51,"column":0},"end":{"line":53,"column":1}},{"start":{},"end":{}}]}},"s":{"0":1,"1":1,"2":1,"3":1,"4":1,"5":1,"6":1,"7":1,"8":1,"9":1,"10":1,"11":1,"12":1,"13":1,"14":1,"15":1,"16":0,"17":0,"18":1,"19":1,"20":0,"21":1,"22":1,"23":1,"24":1,"25":1,"26":1,"27":1,"28":1,"29":1,"30":0,"31":1},"f":{"0":1},"b":{"0":[0,1],"1":[0,0],"2":[0,1],"3":[1,0],"4":[0,1]}}
,"C:\\Github\\Candles-Cuddles\\backend\\src\\config\\env.ts": {"path":"C:\\Github\\Candles-Cuddles\\backend\\src\\config\\env.ts","statementMap":{"0":{"start":{"line":1,"column":0},"end":{"line":1,"column":24}},"1":{"start":{"line":3,"column":18},"end":{"line":19,"column":2}},"2":{"start":{"line":21,"column":15},"end":{"line":37,"column":2}},"3":{"start":{"line":39,"column":0},"end":{"line":42,"column":1}},"4":{"start":{"line":40,"column":2},"end":{"line":40,"column":91}},"5":{"start":{"line":41,"column":2},"end":{"line":41,"column":55}},"6":{"start":{"line":44,"column":13},"end":{"line":44,"column":31}},"7":{"start":{"line":45,"column":13},"end":{"line":45,"column":52}},"8":{"start":{"line":46,"column":13},"end":{"line":46,"column":46}},"9":{"start":{"line":47,"column":13},"end":{"line":47,"column":52}}},"fnMap":{},"branchMap":{"0":{"loc":{"start":{"line":39,"column":0},"end":{"line":42,"column":1}},"type":"if","locations":[{"start":{"line":39,"column":0},"end":{"line":42,"column":1}},{"start":{},"end":{}}]}},"s":{"0":2,"1":2,"2":2,"3":2,"4":0,"5":0,"6":2,"7":2,"8":2,"9":2},"f":{},"b":{"0":[0,2]}}
,"C:\\Github\\Candles-Cuddles\\backend\\src\\config\\logger.ts": {"path":"C:\\Github\\Candles-Cuddles\\backend\\src\\config\\logger.ts","statementMap":{"0":{"start":{"line":1,"column":0},"end":{"line":1,"column":24}},"1":{"start":{"line":2,"column":0},"end":{"line":2,"column":35}},"2":{"start":{"line":4,"column":13},"end":{"line":18,"column":3}}},"fnMap":{},"branchMap":{"0":{"loc":{"start":{"line":5,"column":9},"end":{"line":5,"column":33}},"type":"cond-expr","locations":[{"start":{"line":5,"column":17},"end":{"line":5,"column":24}},{"start":{"line":5,"column":27},"end":{"line":5,"column":33}}]},"1":{"loc":{"start":{"line":6,"column":13},"end":{"line":14,"column":15}},"type":"cond-expr","locations":[{"start":{"line":7,"column":6},"end":{"line":13,"column":null}},{"start":{"line":14,"column":6},"end":{"line":14,"column":15}}]}},"s":{"0":1,"1":1,"2":1},"f":{},"b":{"0":[0,1],"1":[0,1]}}
,"C:\\Github\\Candles-Cuddles\\backend\\src\\config\\metrics.ts": {"path":"C:\\Github\\Candles-Cuddles\\backend\\src\\config\\metrics.ts","statementMap":{"0":{"start":{"line":1,"column":0},"end":{"line":1,"column":62}},"1":{"start":{"line":3,"column":13},"end":{"line":3,"column":46}},"2":{"start":{"line":5,"column":0},"end":{"line":8,"column":3}}},"fnMap":{},"branchMap":{},"s":{"0":1,"1":1,"2":1},"f":{},"b":{}}
,"C:\\Github\\Candles-Cuddles\\backend\\src\\controllers\\admin.controller.ts": {"path":"C:\\Github\\Candles-Cuddles\\backend\\src\\controllers\\admin.controller.ts","statementMap":{"0":{"start":{"line":1,"column":0},"end":{"line":1,"column":44}},"1":{"start":{"line":2,"column":0},"end":{"line":2,"column":30}},"2":{"start":{"line":3,"column":0},"end":{"line":3,"column":31}},"3":{"start":{"line":4,"column":0},"end":{"line":4,"column":24}},"4":{"start":{"line":5,"column":0},"end":{"line":5,"column":53}},"5":{"start":{"line":6,"column":0},"end":{"line":6,"column":36}},"6":{"start":{"line":8,"column":20},"end":{"line":11,"column":2}},"7":{"start":{"line":13,"column":26},"end":{"line":17,"column":2}},"8":{"start":{"line":19,"column":26},"end":{"line":31,"column":1}},"9":{"start":{"line":20,"column":17},"end":{"line":20,"column":48}},"10":{"start":{"line":21,"column":2},"end":{"line":21,"column":84}},"11":{"start":{"line":21,"column":23},"end":{"line":21,"column":84}},"12":{"start":{"line":23,"column":15},"end":{"line":23,"column":73}},"13":{"start":{"line":24,"column":2},"end":{"line":24,"column":77}},"14":{"start":{"line":24,"column":13},"end":{"line":24,"column":77}},"15":{"start":{"line":26,"column":18},"end":{"line":26,"column":79}},"16":{"start":{"line":27,"column":2},"end":{"line":27,"column":80}},"17":{"start":{"line":27,"column":16},"end":{"line":27,"column":80}},"18":{"start":{"line":29,"column":16},"end":{"line":29,"column":117}},"19":{"start":{"line":30,"column":2},"end":{"line":30,"column":22}},"20":{"start":{"line":19,"column":13},"end":{"line":19,"column":26}},"21":{"start":{"line":33,"column":31},"end":{"line":48,"column":1}},"22":{"start":{"line":34,"column":17},"end":{"line":34,"column":54}},"23":{"start":{"line":35,"column":2},"end":{"line":35,"column":84}},"24":{"start":{"line":35,"column":23},"end":{"line":35,"column":84}},"25":{"start":{"line":37,"column":19},"end":{"line":37,"column":77}},"26":{"start":{"line":38,"column":2},"end":{"line":38,"column":81}},"27":{"start":{"line":38,"column":16},"end":{"line":38,"column":81}},"28":{"start":{"line":40,"column":23},"end":{"line":40,"column":66}},"29":{"start":{"line":41,"column":15},"end":{"line":45,"column":4}},"30":{"start":{"line":47,"column":2},"end":{"line":47,"column":77}},"31":{"start":{"line":33,"column":13},"end":{"line":33,"column":31}}},"fnMap":{"0":{"name":"(anonymous_1)","decl":{"start":{"line":19,"column":26},"end":{"line":19,"column":31}},"loc":{"start":{"line":19,"column":64},"end":{"line":31,"column":1}}},"1":{"name":"(anonymous_2)","decl":{"start":{"line":33,"column":31},"end":{"line":33,"column":36}},"loc":{"start":{"line":33,"column":69},"end":{"line":48,"column":1}}}},"branchMap":{"0":{"loc":{"start":{"line":21,"column":2},"end":{"line":21,"column":84}},"type":"if","locations":[{"start":{"line":21,"column":2},"end":{"line":21,"column":84}},{"start":{},"end":{}}]},"1":{"loc":{"start":{"line":24,"column":2},"end":{"line":24,"column":77}},"type":"if","locations":[{"start":{"line":24,"column":2},"end":{"line":24,"column":77}},{"start":{},"end":{}}]},"2":{"loc":{"start":{"line":27,"column":2},"end":{"line":27,"column":80}},"type":"if","locations":[{"start":{"line":27,"column":2},"end":{"line":27,"column":80}},{"start":{},"end":{}}]},"3":{"loc":{"start":{"line":35,"column":2},"end":{"line":35,"column":84}},"type":"if","locations":[{"start":{"line":35,"column":2},"end":{"line":35,"column":84}},{"start":{},"end":{}}]},"4":{"loc":{"start":{"line":38,"column":2},"end":{"line":38,"column":81}},"type":"if","locations":[{"start":{"line":38,"column":2},"end":{"line":38,"column":81}},{"start":{},"end":{}}]}},"s":{"0":1,"1":1,"2":1,"3":1,"4":1,"5":1,"6":1,"7":1,"8":1,"9":0,"10":0,"11":0,"12":0,"13":0,"14":0,"15":0,"16":0,"17":0,"18":0,"19":0,"20":1,"21":1,"22":0,"23":0,"24":0,"25":0,"26":0,"27":0,"28":0,"29":0,"30":0,"31":1},"f":{"0":0,"1":0},"b":{"0":[0,0],"1":[0,0],"2":[0,0],"3":[0,0],"4":[0,0]}}
,"C:\\Github\\Candles-Cuddles\\backend\\src\\controllers\\health.controller.ts": {"path":"C:\\Github\\Candles-Cuddles\\backend\\src\\controllers\\health.controller.ts","statementMap":{"0":{"start":{"line":1,"column":0},"end":{"line":1,"column":44}},"1":{"start":{"line":2,"column":0},"end":{"line":2,"column":32}},"2":{"start":{"line":4,"column":24},"end":{"line":6,"column":1}},"3":{"start":{"line":5,"column":2},"end":{"line":5,"column":55}},"4":{"start":{"line":4,"column":13},"end":{"line":4,"column":24}},"5":{"start":{"line":8,"column":25},"end":{"line":11,"column":1}},"6":{"start":{"line":9,"column":18},"end":{"line":9,"column":54}},"7":{"start":{"line":10,"column":2},"end":{"line":10,"column":84}},"8":{"start":{"line":8,"column":13},"end":{"line":8,"column":25}}},"fnMap":{"0":{"name":"(anonymous_1)","decl":{"start":{"line":4,"column":24},"end":{"line":4,"column":25}},"loc":{"start":{"line":4,"column":57},"end":{"line":6,"column":1}}},"1":{"name":"(anonymous_2)","decl":{"start":{"line":8,"column":25},"end":{"line":8,"column":26}},"loc":{"start":{"line":8,"column":58},"end":{"line":11,"column":1}}}},"branchMap":{"0":{"loc":{"start":{"line":10,"column":13},"end":{"line":10,"column":32}},"type":"cond-expr","locations":[{"start":{"line":10,"column":23},"end":{"line":10,"column":26}},{"start":{"line":10,"column":29},"end":{"line":10,"column":32}}]},"1":{"loc":{"start":{"line":10,"column":49},"end":{"line":10,"column":80}},"type":"cond-expr","locations":[{"start":{"line":10,"column":59},"end":{"line":10,"column":66}},{"start":{"line":10,"column":69},"end":{"line":10,"column":80}}]}},"s":{"0":1,"1":1,"2":1,"3":0,"4":1,"5":1,"6":0,"7":0,"8":1},"f":{"0":0,"1":0},"b":{"0":[0,0],"1":[0,0]}}
,"C:\\Github\\Candles-Cuddles\\backend\\src\\controllers\\orders.controller.ts": {"path":"C:\\Github\\Candles-Cuddles\\backend\\src\\controllers\\orders.controller.ts","statementMap":{"0":{"start":{"line":1,"column":0},"end":{"line":1,"column":44}},"1":{"start":{"line":2,"column":0},"end":{"line":2,"column":24}},"2":{"start":{"line":3,"column":0},"end":{"line":3,"column":45}},"3":{"start":{"line":4,"column":0},"end":{"line":4,"column":74}},"4":{"start":{"line":5,"column":0},"end":{"line":5,"column":92}},"5":{"start":{"line":6,"column":0},"end":{"line":6,"column":36}},"6":{"start":{"line":8,"column":26},"end":{"line":23,"column":2}},"7":{"start":{"line":25,"column":21},"end":{"line":30,"column":2}},"8":{"start":{"line":32,"column":27},"end":{"line":72,"column":1}},"9":{"start":{"line":33,"column":17},"end":{"line":33,"column":54}},"10":{"start":{"line":34,"column":2},"end":{"line":34,"column":84}},"11":{"start":{"line":34,"column":23},"end":{"line":34,"column":84}},"12":{"start":{"line":38,"column":2},"end":{"line":44,"column":3}},"13":{"start":{"line":39,"column":21},"end":{"line":39,"column":58}},"14":{"start":{"line":40,"column":4},"end":{"line":40,"column":27}},"15":{"start":{"line":41,"column":4},"end":{"line":41,"column":29}},"16":{"start":{"line":43,"column":4},"end":{"line":43,"column":71}},"17":{"start":{"line":45,"column":2},"end":{"line":45,"column":87}},"18":{"start":{"line":45,"column":19},"end":{"line":45,"column":87}},"19":{"start":{"line":47,"column":16},"end":{"line":54,"column":4}},"20":{"start":{"line":56,"column":24},"end":{"line":60,"column":4}},"21":{"start":{"line":62,"column":2},"end":{"line":62,"column":43}},"22":{"start":{"line":63,"column":2},"end":{"line":63,"column":21}},"23":{"start":{"line":65,"column":2},"end":{"line":71,"column":5}},"24":{"start":{"line":32,"column":13},"end":{"line":32,"column":27}},"25":{"start":{"line":74,"column":27},"end":{"line":101,"column":1}},"26":{"start":{"line":75,"column":17},"end":{"line":75,"column":49}},"27":{"start":{"line":76,"column":2},"end":{"line":76,"column":84}},"28":{"start":{"line":76,"column":23},"end":{"line":76,"column":84}},"29":{"start":{"line":78,"column":16},"end":{"line":78,"column":62}},"30":{"start":{"line":79,"column":2},"end":{"line":79,"column":74}},"31":{"start":{"line":79,"column":14},"end":{"line":79,"column":74}},"32":{"start":{"line":80,"column":2},"end":{"line":82,"column":3}},"33":{"start":{"line":81,"column":4},"end":{"line":81,"column":60}},"34":{"start":{"line":83,"column":2},"end":{"line":85,"column":3}},"35":{"start":{"line":84,"column":4},"end":{"line":84,"column":63}},"36":{"start":{"line":87,"column":18},"end":{"line":91,"column":4}},"37":{"start":{"line":93,"column":2},"end":{"line":93,"column":78}},"38":{"start":{"line":93,"column":16},"end":{"line":93,"column":78}},"39":{"start":{"line":95,"column":2},"end":{"line":95,"column":24}},"40":{"start":{"line":96,"column":2},"end":{"line":96,"column":58}},"41":{"start":{"line":97,"column":2},"end":{"line":97,"column":58}},"42":{"start":{"line":98,"column":2},"end":{"line":98,"column":21}},"43":{"start":{"line":100,"column":2},"end":{"line":100,"column":49}},"44":{"start":{"line":74,"column":13},"end":{"line":74,"column":27}},"45":{"start":{"line":103,"column":26},"end":{"line":106,"column":1}},"46":{"start":{"line":104,"column":17},"end":{"line":104,"column":75}},"47":{"start":{"line":105,"column":2},"end":{"line":105,"column":19}},"48":{"start":{"line":103,"column":13},"end":{"line":103,"column":26}},"49":{"start":{"line":108,"column":38},"end":{"line":119,"column":1}},"50":{"start":{"line":109,"column":17},"end":{"line":111,"column":4}},"51":{"start":{"line":113,"column":17},"end":{"line":113,"column":43}},"52":{"start":{"line":114,"column":2},"end":{"line":114,"column":84}},"53":{"start":{"line":114,"column":23},"end":{"line":114,"column":84}},"54":{"start":{"line":116,"column":16},"end":{"line":116,"column":72}},"55":{"start":{"line":117,"column":2},"end":{"line":117,"column":74}},"56":{"start":{"line":117,"column":14},"end":{"line":117,"column":74}},"57":{"start":{"line":118,"column":2},"end":{"line":118,"column":18}},"58":{"start":{"line":108,"column":13},"end":{"line":108,"column":38}}},"fnMap":{"0":{"name":"(anonymous_0)","decl":{"start":{"line":32,"column":27},"end":{"line":32,"column":32}},"loc":{"start":{"line":32,"column":65},"end":{"line":72,"column":1}}},"1":{"name":"(anonymous_1)","decl":{"start":{"line":74,"column":27},"end":{"line":74,"column":32}},"loc":{"start":{"line":74,"column":65},"end":{"line":101,"column":1}}},"2":{"name":"(anonymous_2)","decl":{"start":{"line":103,"column":26},"end":{"line":103,"column":31}},"loc":{"start":{"line":103,"column":65},"end":{"line":106,"column":1}}},"3":{"name":"(anonymous_3)","decl":{"start":{"line":108,"column":38},"end":{"line":108,"column":43}},"loc":{"start":{"line":108,"column":76},"end":{"line":119,"column":1}}}},"branchMap":{"0":{"loc":{"start":{"line":34,"column":2},"end":{"line":34,"column":84}},"type":"if","locations":[{"start":{"line":34,"column":2},"end":{"line":34,"column":84}},{"start":{},"end":{}}]},"1":{"loc":{"start":{"line":45,"column":2},"end":{"line":45,"column":87}},"type":"if","locations":[{"start":{"line":45,"column":2},"end":{"line":45,"column":87}},{"start":{},"end":{}}]},"2":{"loc":{"start":{"line":76,"column":2},"end":{"line":76,"column":84}},"type":"if","locations":[{"start":{"line":76,"column":2},"end":{"line":76,"column":84}},{"start":{},"end":{}}]},"3":{"loc":{"start":{"line":79,"column":2},"end":{"line":79,"column":74}},"type":"if","locations":[{"start":{"line":79,"column":2},"end":{"line":79,"column":74}},{"start":{},"end":{}}]},"4":{"loc":{"start":{"line":80,"column":2},"end":{"line":82,"column":3}},"type":"if","locations":[{"start":{"line":80,"column":2},"end":{"line":82,"column":3}},{"start":{},"end":{}}]},"5":{"loc":{"start":{"line":80,"column":6},"end":{"line":80,"column":60}},"type":"binary-expr","locations":[{"start":{"line":80,"column":6},"end":{"line":80,"column":29}},{"start":{"line":80,"column":33},"end":{"line":80,"column":60}}]},"6":{"loc":{"start":{"line":83,"column":2},"end":{"line":85,"column":3}},"type":"if","locations":[{"start":{"line":83,"column":2},"end":{"line":85,"column":3}},{"start":{},"end":{}}]},"7":{"loc":{"start":{"line":93,"column":2},"end":{"line":93,"column":78}},"type":"if","locations":[{"start":{"line":93,"column":2},"end":{"line":93,"column":78}},{"start":{},"end":{}}]},"8":{"loc":{"start":{"line":114,"column":2},"end":{"line":114,"column":84}},"type":"if","locations":[{"start":{"line":114,"column":2},"end":{"line":114,"column":84}},{"start":{},"end":{}}]},"9":{"loc":{"start":{"line":117,"column":2},"end":{"line":117,"column":74}},"type":"if","locations":[{"start":{"line":117,"column":2},"end":{"line":117,"column":74}},{"start":{},"end":{}}]}},"s":{"0":1,"1":1,"2":1,"3":1,"4":1,"5":1,"6":1,"7":1,"8":1,"9":1,"10":1,"11":0,"12":1,"13":1,"14":1,"15":1,"16":0,"17":1,"18":0,"19":1,"20":1,"21":1,"22":1,"23":1,"24":1,"25":1,"26":0,"27":0,"28":0,"29":0,"30":0,"31":0,"32":0,"33":0,"34":0,"35":0,"36":0,"37":0,"38":0,"39":0,"40":0,"41":0,"42":0,"43":0,"44":1,"45":1,"46":0,"47":0,"48":1,"49":1,"50":0,"51":0,"52":0,"53":0,"54":0,"55":0,"56":0,"57":0,"58":1},"f":{"0":1,"1":0,"2":0,"3":0},"b":{"0":[0,1],"1":[0,1],"2":[0,0],"3":[0,0],"4":[0,0],"5":[0,0],"6":[0,0],"7":[0,0],"8":[0,0],"9":[0,0]}}
,"C:\\Github\\Candles-Cuddles\\backend\\src\\controllers\\products.controller.ts": {"path":"C:\\Github\\Candles-Cuddles\\backend\\src\\controllers\\products.controller.ts","statementMap":{"0":{"start":{"line":1,"column":0},"end":{"line":1,"column":44}},"1":{"start":{"line":2,"column":0},"end":{"line":2,"column":24}},"2":{"start":{"line":3,"column":0},"end":{"line":3,"column":49}},"3":{"start":{"line":5,"column":26},"end":{"line":15,"column":2}},"4":{"start":{"line":17,"column":28},"end":{"line":20,"column":1}},"5":{"start":{"line":18,"column":19},"end":{"line":18,"column":84}},"6":{"start":{"line":19,"column":2},"end":{"line":19,"column":21}},"7":{"start":{"line":17,"column":13},"end":{"line":17,"column":28}},"8":{"start":{"line":22,"column":26},"end":{"line":26,"column":1}},"9":{"start":{"line":23,"column":18},"end":{"line":23,"column":60}},"10":{"start":{"line":24,"column":2},"end":{"line":24,"column":78}},"11":{"start":{"line":24,"column":16},"end":{"line":24,"column":78}},"12":{"start":{"line":25,"column":2},"end":{"line":25,"column":20}},"13":{"start":{"line":22,"column":13},"end":{"line":22,"column":26}},"14":{"start":{"line":28,"column":34},"end":{"line":33,"column":1}},"15":{"start":{"line":29,"column":17},"end":{"line":29,"column":54}},"16":{"start":{"line":30,"column":2},"end":{"line":30,"column":84}},"17":{"start":{"line":30,"column":23},"end":{"line":30,"column":84}},"18":{"start":{"line":31,"column":18},"end":{"line":31,"column":56}},"19":{"start":{"line":32,"column":2},"end":{"line":32,"column":32}},"20":{"start":{"line":28,"column":13},"end":{"line":28,"column":34}},"21":{"start":{"line":35,"column":34},"end":{"line":42,"column":1}},"22":{"start":{"line":36,"column":17},"end":{"line":36,"column":64}},"23":{"start":{"line":37,"column":2},"end":{"line":37,"column":84}},"24":{"start":{"line":37,"column":23},"end":{"line":37,"column":84}},"25":{"start":{"line":39,"column":18},"end":{"line":39,"column":97}},"26":{"start":{"line":40,"column":2},"end":{"line":40,"column":78}},"27":{"start":{"line":40,"column":16},"end":{"line":40,"column":78}},"28":{"start":{"line":41,"column":2},"end":{"line":41,"column":20}},"29":{"start":{"line":35,"column":13},"end":{"line":35,"column":34}},"30":{"start":{"line":44,"column":34},"end":{"line":48,"column":1}},"31":{"start":{"line":45,"column":18},"end":{"line":45,"column":69}},"32":{"start":{"line":46,"column":2},"end":{"line":46,"column":78}},"33":{"start":{"line":46,"column":16},"end":{"line":46,"column":78}},"34":{"start":{"line":47,"column":2},"end":{"line":47,"column":25}},"35":{"start":{"line":44,"column":13},"end":{"line":44,"column":34}}},"fnMap":{"0":{"name":"(anonymous_0)","decl":{"start":{"line":17,"column":28},"end":{"line":17,"column":33}},"loc":{"start":{"line":17,"column":67},"end":{"line":20,"column":1}}},"1":{"name":"(anonymous_1)","decl":{"start":{"line":22,"column":26},"end":{"line":22,"column":31}},"loc":{"start":{"line":22,"column":64},"end":{"line":26,"column":1}}},"2":{"name":"(anonymous_2)","decl":{"start":{"line":28,"column":34},"end":{"line":28,"column":39}},"loc":{"start":{"line":28,"column":72},"end":{"line":33,"column":1}}},"3":{"name":"(anonymous_3)","decl":{"start":{"line":35,"column":34},"end":{"line":35,"column":39}},"loc":{"start":{"line":35,"column":72},"end":{"line":42,"column":1}}},"4":{"name":"(anonymous_4)","decl":{"start":{"line":44,"column":34},"end":{"line":44,"column":39}},"loc":{"start":{"line":44,"column":72},"end":{"line":48,"column":1}}}},"branchMap":{"0":{"loc":{"start":{"line":24,"column":2},"end":{"line":24,"column":78}},"type":"if","locations":[{"start":{"line":24,"column":2},"end":{"line":24,"column":78}},{"start":{},"end":{}}]},"1":{"loc":{"start":{"line":30,"column":2},"end":{"line":30,"column":84}},"type":"if","locations":[{"start":{"line":30,"column":2},"end":{"line":30,"column":84}},{"start":{},"end":{}}]},"2":{"loc":{"start":{"line":37,"column":2},"end":{"line":37,"column":84}},"type":"if","locations":[{"start":{"line":37,"column":2},"end":{"line":37,"column":84}},{"start":{},"end":{}}]},"3":{"loc":{"start":{"line":40,"column":2},"end":{"line":40,"column":78}},"type":"if","locations":[{"start":{"line":40,"column":2},"end":{"line":40,"column":78}},{"start":{},"end":{}}]},"4":{"loc":{"start":{"line":46,"column":2},"end":{"line":46,"column":78}},"type":"if","locations":[{"start":{"line":46,"column":2},"end":{"line":46,"column":78}},{"start":{},"end":{}}]}},"s":{"0":1,"1":1,"2":1,"3":1,"4":1,"5":0,"6":0,"7":1,"8":1,"9":0,"10":0,"11":0,"12":0,"13":1,"14":1,"15":0,"16":0,"17":0,"18":0,"19":0,"20":1,"21":1,"22":0,"23":0,"24":0,"25":0,"26":0,"27":0,"28":0,"29":1,"30":1,"31":0,"32":0,"33":0,"34":0,"35":1},"f":{"0":0,"1":0,"2":0,"3":0,"4":0},"b":{"0":[0,0],"1":[0,0],"2":[0,0],"3":[0,0],"4":[0,0]}}
,"C:\\Github\\Candles-Cuddles\\backend\\src\\controllers\\uploads.controller.ts": {"path":"C:\\Github\\Candles-Cuddles\\backend\\src\\controllers\\uploads.controller.ts","statementMap":{"0":{"start":{"line":1,"column":0},"end":{"line":1,"column":44}},"1":{"start":{"line":2,"column":0},"end":{"line":2,"column":24}},"2":{"start":{"line":3,"column":0},"end":{"line":3,"column":47}},"3":{"start":{"line":5,"column":15},"end":{"line":7,"column":2}},"4":{"start":{"line":9,"column":37},"end":{"line":15,"column":1}},"5":{"start":{"line":10,"column":17},"end":{"line":10,"column":43}},"6":{"start":{"line":11,"column":2},"end":{"line":11,"column":84}},"7":{"start":{"line":11,"column":23},"end":{"line":11,"column":84}},"8":{"start":{"line":13,"column":17},"end":{"line":13,"column":66}},"9":{"start":{"line":14,"column":2},"end":{"line":14,"column":19}},"10":{"start":{"line":9,"column":13},"end":{"line":9,"column":37}}},"fnMap":{"0":{"name":"(anonymous_0)","decl":{"start":{"line":9,"column":37},"end":{"line":9,"column":42}},"loc":{"start":{"line":9,"column":75},"end":{"line":15,"column":1}}}},"branchMap":{"0":{"loc":{"start":{"line":11,"column":2},"end":{"line":11,"column":84}},"type":"if","locations":[{"start":{"line":11,"column":2},"end":{"line":11,"column":84}},{"start":{},"end":{}}]}},"s":{"0":1,"1":1,"2":1,"3":1,"4":1,"5":0,"6":0,"7":0,"8":0,"9":0,"10":1},"f":{"0":0},"b":{"0":[0,0]}}
,"C:\\Github\\Candles-Cuddles\\backend\\src\\controllers\\webhook.controller.ts": {"path":"C:\\Github\\Candles-Cuddles\\backend\\src\\controllers\\webhook.controller.ts","statementMap":{"0":{"start":{"line":1,"column":0},"end":{"line":1,"column":44}},"1":{"start":{"line":2,"column":0},"end":{"line":2,"column":70}},"2":{"start":{"line":3,"column":0},"end":{"line":3,"column":45}},"3":{"start":{"line":4,"column":0},"end":{"line":4,"column":42}},"4":{"start":{"line":6,"column":37},"end":{"line":42,"column":1}},"5":{"start":{"line":7,"column":20},"end":{"line":7,"column":55}},"6":{"start":{"line":8,"column":2},"end":{"line":10,"column":3}},"7":{"start":{"line":9,"column":4},"end":{"line":9,"column":66}},"8":{"start":{"line":12,"column":18},"end":{"line":12,"column":29}},"9":{"start":{"line":13,"column":2},"end":{"line":13,"column":77}},"10":{"start":{"line":13,"column":16},"end":{"line":13,"column":77}},"11":{"start":{"line":15,"column":18},"end":{"line":15,"column":60}},"12":{"start":{"line":16,"column":2},"end":{"line":18,"column":3}},"13":{"start":{"line":17,"column":4},"end":{"line":17,"column":66}},"14":{"start":{"line":20,"column":16},"end":{"line":20,"column":24}},"15":{"start":{"line":21,"column":26},"end":{"line":21,"column":67}},"16":{"start":{"line":22,"column":2},"end":{"line":25,"column":3}},"17":{"start":{"line":23,"column":4},"end":{"line":23,"column":55}},"18":{"start":{"line":24,"column":4},"end":{"line":24,"column":70}},"19":{"start":{"line":27,"column":16},"end":{"line":27,"column":61}},"20":{"start":{"line":28,"column":2},"end":{"line":31,"column":3}},"21":{"start":{"line":29,"column":4},"end":{"line":29,"column":58}},"22":{"start":{"line":30,"column":4},"end":{"line":30,"column":64}},"23":{"start":{"line":33,"column":17},"end":{"line":33,"column":127}},"24":{"start":{"line":34,"column":2},"end":{"line":34,"column":24}},"25":{"start":{"line":35,"column":2},"end":{"line":38,"column":4}},"26":{"start":{"line":39,"column":2},"end":{"line":39,"column":21}},"27":{"start":{"line":41,"column":2},"end":{"line":41,"column":45}},"28":{"start":{"line":6,"column":13},"end":{"line":6,"column":37}}},"fnMap":{"0":{"name":"(anonymous_0)","decl":{"start":{"line":6,"column":37},"end":{"line":6,"column":42}},"loc":{"start":{"line":6,"column":75},"end":{"line":42,"column":1}}}},"branchMap":{"0":{"loc":{"start":{"line":8,"column":2},"end":{"line":10,"column":3}},"type":"if","locations":[{"start":{"line":8,"column":2},"end":{"line":10,"column":3}},{"start":{},"end":{}}]},"1":{"loc":{"start":{"line":8,"column":6},"end":{"line":8,"column":49}},"type":"binary-expr","locations":[{"start":{"line":8,"column":6},"end":{"line":8,"column":16}},{"start":{"line":8,"column":20},"end":{"line":8,"column":49}}]},"2":{"loc":{"start":{"line":13,"column":2},"end":{"line":13,"column":77}},"type":"if","locations":[{"start":{"line":13,"column":2},"end":{"line":13,"column":77}},{"start":{},"end":{}}]},"3":{"loc":{"start":{"line":16,"column":2},"end":{"line":18,"column":3}},"type":"if","locations":[{"start":{"line":16,"column":2},"end":{"line":18,"column":3}},{"start":{},"end":{}}]},"4":{"loc":{"start":{"line":22,"column":2},"end":{"line":25,"column":3}},"type":"if","locations":[{"start":{"line":22,"column":2},"end":{"line":25,"column":3}},{"start":{},"end":{}}]},"5":{"loc":{"start":{"line":28,"column":2},"end":{"line":31,"column":3}},"type":"if","locations":[{"start":{"line":28,"column":2},"end":{"line":31,"column":3}},{"start":{},"end":{}}]},"6":{"loc":{"start":{"line":33,"column":17},"end":{"line":33,"column":127}},"type":"cond-expr","locations":[{"start":{"line":33,"column":55},"end":{"line":33,"column":65}},{"start":{"line":33,"column":68},"end":{"line":33,"column":127}}]},"7":{"loc":{"start":{"line":33,"column":68},"end":{"line":33,"column":127}},"type":"cond-expr","locations":[{"start":{"line":33,"column":104},"end":{"line":33,"column":112}},{"start":{"line":33,"column":115},"end":{"line":33,"column":127}}]}},"s":{"0":1,"1":1,"2":1,"3":1,"4":1,"5":0,"6":0,"7":0,"8":0,"9":0,"10":0,"11":0,"12":0,"13":0,"14":0,"15":0,"16":0,"17":0,"18":0,"19":0,"20":0,"21":0,"22":0,"23":0,"24":0,"25":0,"26":0,"27":0,"28":1},"f":{"0":0},"b":{"0":[0,0],"1":[0,0],"2":[0,0],"3":[0,0],"4":[0,0],"5":[0,0],"6":[0,0],"7":[0,0]}}
,"C:\\Github\\Candles-Cuddles\\backend\\src\\lib\\s3.ts": {"path":"C:\\Github\\Candles-Cuddles\\backend\\src\\lib\\s3.ts","statementMap":{"0":{"start":{"line":1,"column":0},"end":{"line":1,"column":64}},"1":{"start":{"line":2,"column":0},"end":{"line":2,"column":61}},"2":{"start":{"line":3,"column":0},"end":{"line":3,"column":36}},"3":{"start":{"line":4,"column":0},"end":{"line":4,"column":36}},"4":{"start":{"line":6,"column":17},"end":{"line":12,"column":2}},"5":{"start":{"line":14,"column":34},"end":{"line":27,"column":1}},"6":{"start":{"line":15,"column":14},"end":{"line":15,"column":39}},"7":{"start":{"line":16,"column":18},"end":{"line":21,"column":4}},"8":{"start":{"line":23,"column":20},"end":{"line":23,"column":80}},"9":{"start":{"line":24,"column":20},"end":{"line":24,"column":87}},"10":{"start":{"line":26,"column":2},"end":{"line":26,"column":39}},"11":{"start":{"line":14,"column":13},"end":{"line":14,"column":34}}},"fnMap":{"0":{"name":"(anonymous_0)","decl":{"start":{"line":14,"column":34},"end":{"line":14,"column":39}},"loc":{"start":{"line":14,"column":64},"end":{"line":27,"column":1}}}},"branchMap":{},"s":{"0":1,"1":1,"2":1,"3":1,"4":1,"5":1,"6":0,"7":0,"8":0,"9":0,"10":0,"11":1},"f":{"0":0},"b":{}}
,"C:\\Github\\Candles-Cuddles\\backend\\src\\middlewares\\auth.ts": {"path":"C:\\Github\\Candles-Cuddles\\backend\\src\\middlewares\\auth.ts","statementMap":{"0":{"start":{"line":1,"column":0},"end":{"line":1,"column":58}},"1":{"start":{"line":2,"column":0},"end":{"line":2,"column":31}},"2":{"start":{"line":3,"column":0},"end":{"line":3,"column":36}},"3":{"start":{"line":23,"column":28},"end":{"line":39,"column":1}},"4":{"start":{"line":24,"column":21},"end":{"line":24,"column":46}},"5":{"start":{"line":25,"column":2},"end":{"line":25,"column":92}},"6":{"start":{"line":25,"column":19},"end":{"line":25,"column":92}},"7":{"start":{"line":26,"column":16},"end":{"line":26,"column":40}},"8":{"start":{"line":27,"column":2},"end":{"line":27,"column":87}},"9":{"start":{"line":27,"column":14},"end":{"line":27,"column":87}},"10":{"start":{"line":28,"column":2},"end":{"line":38,"column":3}},"11":{"start":{"line":29,"column":20},"end":{"line":29,"column":69}},"12":{"start":{"line":30,"column":4},"end":{"line":34,"column":6}},"13":{"start":{"line":35,"column":4},"end":{"line":35,"column":11}},"14":{"start":{"line":37,"column":4},"end":{"line":37,"column":62}},"15":{"start":{"line":23,"column":13},"end":{"line":23,"column":28}},"16":{"start":{"line":41,"column":27},"end":{"line":47,"column":1}},"17":{"start":{"line":42,"column":2},"end":{"line":46,"column":4}},"18":{"start":{"line":43,"column":4},"end":{"line":43,"column":76}},"19":{"start":{"line":43,"column":19},"end":{"line":43,"column":76}},"20":{"start":{"line":44,"column":4},"end":{"line":44,"column":94}},"21":{"start":{"line":44,"column":40},"end":{"line":44,"column":94}},"22":{"start":{"line":45,"column":4},"end":{"line":45,"column":11}},"23":{"start":{"line":41,"column":13},"end":{"line":41,"column":27}}},"fnMap":{"0":{"name":"(anonymous_1)","decl":{"start":{"line":23,"column":28},"end":{"line":23,"column":29}},"loc":{"start":{"line":23,"column":80},"end":{"line":39,"column":1}}},"1":{"name":"(anonymous_2)","decl":{"start":{"line":41,"column":27},"end":{"line":41,"column":28}},"loc":{"start":{"line":41,"column":63},"end":{"line":47,"column":1}}},"2":{"name":"(anonymous_3)","decl":{"start":{"line":42,"column":9},"end":{"line":42,"column":10}},"loc":{"start":{"line":42,"column":61},"end":{"line":46,"column":3}}}},"branchMap":{"0":{"loc":{"start":{"line":25,"column":2},"end":{"line":25,"column":92}},"type":"if","locations":[{"start":{"line":25,"column":2},"end":{"line":25,"column":92}},{"start":{},"end":{}}]},"1":{"loc":{"start":{"line":27,"column":2},"end":{"line":27,"column":87}},"type":"if","locations":[{"start":{"line":27,"column":2},"end":{"line":27,"column":87}},{"start":{},"end":{}}]},"2":{"loc":{"start":{"line":43,"column":4},"end":{"line":43,"column":76}},"type":"if","locations":[{"start":{"line":43,"column":4},"end":{"line":43,"column":76}},{"start":{},"end":{}}]},"3":{"loc":{"start":{"line":44,"column":4},"end":{"line":44,"column":94}},"type":"if","locations":[{"start":{"line":44,"column":4},"end":{"line":44,"column":94}},{"start":{},"end":{}}]}},"s":{"0":1,"1":1,"2":1,"3":1,"4":0,"5":0,"6":0,"7":0,"8":0,"9":0,"10":0,"11":0,"12":0,"13":0,"14":0,"15":1,"16":1,"17":2,"18":0,"19":0,"20":0,"21":0,"22":0,"23":1},"f":{"0":0,"1":2,"2":0},"b":{"0":[0,0],"1":[0,0],"2":[0,0],"3":[0,0]}}
,"C:\\Github\\Candles-Cuddles\\backend\\src\\middlewares\\errorHandler.ts": {"path":"C:\\Github\\Candles-Cuddles\\backend\\src\\middlewares\\errorHandler.ts","statementMap":{"0":{"start":{"line":1,"column":0},"end":{"line":1,"column":58}},"1":{"start":{"line":2,"column":0},"end":{"line":2,"column":31}},"2":{"start":{"line":3,"column":0},"end":{"line":3,"column":42}},"3":{"start":{"line":10,"column":28},"end":{"line":42,"column":1}},"4":{"start":{"line":11,"column":17},"end":{"line":11,"column":38}},"5":{"start":{"line":12,"column":43},"end":{"line":15,"column":4}},"6":{"start":{"line":17,"column":2},"end":{"line":21,"column":3}},"7":{"start":{"line":18,"column":4},"end":{"line":18,"column":32}},"8":{"start":{"line":19,"column":9},"end":{"line":21,"column":3}},"9":{"start":{"line":20,"column":4},"end":{"line":20,"column":34}},"10":{"start":{"line":23,"column":2},"end":{"line":39,"column":3}},"11":{"start":{"line":24,"column":4},"end":{"line":30,"column":6}},"12":{"start":{"line":32,"column":4},"end":{"line":38,"column":6}},"13":{"start":{"line":41,"column":2},"end":{"line":41,"column":35}},"14":{"start":{"line":10,"column":13},"end":{"line":10,"column":28}}},"fnMap":{"0":{"name":"(anonymous_0)","decl":{"start":{"line":10,"column":28},"end":{"line":10,"column":29}},"loc":{"start":{"line":10,"column":96},"end":{"line":42,"column":1}}}},"branchMap":{"0":{"loc":{"start":{"line":11,"column":17},"end":{"line":11,"column":38}},"type":"binary-expr","locations":[{"start":{"line":11,"column":17},"end":{"line":11,"column":31}},{"start":{"line":11,"column":35},"end":{"line":11,"column":38}}]},"1":{"loc":{"start":{"line":13,"column":13},"end":{"line":13,"column":51}},"type":"binary-expr","locations":[{"start":{"line":13,"column":13},"end":{"line":13,"column":24}},{"start":{"line":13,"column":28},"end":{"line":13,"column":51}}]},"2":{"loc":{"start":{"line":17,"column":2},"end":{"line":21,"column":3}},"type":"if","locations":[{"start":{"line":17,"column":2},"end":{"line":21,"column":3}},{"start":{"line":19,"column":9},"end":{"line":21,"column":3}}]},"3":{"loc":{"start":{"line":19,"column":9},"end":{"line":21,"column":3}},"type":"if","locations":[{"start":{"line":19,"column":9},"end":{"line":21,"column":3}},{"start":{},"end":{}}]},"4":{"loc":{"start":{"line":23,"column":2},"end":{"line":39,"column":3}},"type":"if","locations":[{"start":{"line":23,"column":2},"end":{"line":39,"column":3}},{"start":{"line":31,"column":9},"end":{"line":39,"column":3}}]}},"s":{"0":1,"1":1,"2":1,"3":1,"4":0,"5":0,"6":0,"7":0,"8":0,"9":0,"10":0,"11":0,"12":0,"13":0,"14":1},"f":{"0":0},"b":{"0":[0,0],"1":[0,0],"2":[0,0],"3":[0,0],"4":[0,0]}}
,"C:\\Github\\Candles-Cuddles\\backend\\src\\middlewares\\logger.ts": {"path":"C:\\Github\\Candles-Cuddles\\backend\\src\\middlewares\\logger.ts","statementMap":{"0":{"start":{"line":1,"column":0},"end":{"line":1,"column":33}},"1":{"start":{"line":2,"column":0},"end":{"line":2,"column":42}},"2":{"start":{"line":4,"column":13},"end":{"line":16,"column":3}},"3":{"start":{"line":9,"column":6},"end":{"line":13,"column":8}}},"fnMap":{"0":{"name":"(anonymous_1)","decl":{"start":{"line":8,"column":4},"end":{"line":8,"column":7}},"loc":{"start":{"line":8,"column":11},"end":{"line":14,"column":5}}}},"branchMap":{},"s":{"0":1,"1":1,"2":1,"3":1},"f":{"0":1},"b":{}}
,"C:\\Github\\Candles-Cuddles\\backend\\src\\middlewares\\rateLimiter.ts": {"path":"C:\\Github\\Candles-Cuddles\\backend\\src\\middlewares\\rateLimiter.ts","statementMap":{"0":{"start":{"line":1,"column":0},"end":{"line":1,"column":43}},"1":{"start":{"line":3,"column":33},"end":{"line":9,"column":4}},"2":{"start":{"line":4,"column":2},"end":{"line":9,"column":4}},"3":{"start":{"line":3,"column":13},"end":{"line":3,"column":33}}},"fnMap":{"0":{"name":"(anonymous_1)","decl":{"start":{"line":3,"column":33},"end":{"line":3,"column":34}},"loc":{"start":{"line":4,"column":2},"end":{"line":9,"column":4}}}},"branchMap":{"0":{"loc":{"start":{"line":5,"column":14},"end":{"line":5,"column":49}},"type":"binary-expr","locations":[{"start":{"line":5,"column":14},"end":{"line":5,"column":31}},{"start":{"line":5,"column":35},"end":{"line":5,"column":49}}]},"1":{"loc":{"start":{"line":6,"column":9},"end":{"line":6,"column":28}},"type":"binary-expr","locations":[{"start":{"line":6,"column":9},"end":{"line":6,"column":21}},{"start":{"line":6,"column":25},"end":{"line":6,"column":28}}]}},"s":{"0":1,"1":1,"2":1,"3":1},"f":{"0":1},"b":{"0":[1,1],"1":[1,1]}}
,"C:\\Github\\Candles-Cuddles\\backend\\src\\middlewares\\requestContext.ts": {"path":"C:\\Github\\Candles-Cuddles\\backend\\src\\middlewares\\requestContext.ts","statementMap":{"0":{"start":{"line":1,"column":0},"end":{"line":1,"column":58}},"1":{"start":{"line":2,"column":0},"end":{"line":2,"column":36}},"2":{"start":{"line":10,"column":30},"end":{"line":13,"column":1}},"3":{"start":{"line":11,"column":2},"end":{"line":11,"column":74}},"4":{"start":{"line":12,"column":2},"end":{"line":12,"column":9}},"5":{"start":{"line":10,"column":13},"end":{"line":10,"column":30}}},"fnMap":{"0":{"name":"(anonymous_0)","decl":{"start":{"line":10,"column":30},"end":{"line":10,"column":31}},"loc":{"start":{"line":10,"column":83},"end":{"line":13,"column":1}}}},"branchMap":{"0":{"loc":{"start":{"line":11,"column":18},"end":{"line":11,"column":73}},"type":"binary-expr","locations":[{"start":{"line":11,"column":18},"end":{"line":11,"column":57}},{"start":{"line":11,"column":61},"end":{"line":11,"column":73}}]}},"s":{"0":1,"1":1,"2":1,"3":1,"4":1,"5":1},"f":{"0":1},"b":{"0":[1,1]}}
,"C:\\Github\\Candles-Cuddles\\backend\\src\\models\\AdminUser.ts": {"path":"C:\\Github\\Candles-Cuddles\\backend\\src\\models\\AdminUser.ts","statementMap":{"0":{"start":{"line":1,"column":0},"end":{"line":1,"column":51}},"1":{"start":{"line":9,"column":24},"end":{"line":15,"column":null}},"2":{"start":{"line":18,"column":13},"end":{"line":18,"column":85}}},"fnMap":{},"branchMap":{},"s":{"0":1,"1":1,"2":1},"f":{},"b":{}}
,"C:\\Github\\Candles-Cuddles\\backend\\src\\models\\Order.ts": {"path":"C:\\Github\\Candles-Cuddles\\backend\\src\\models\\Order.ts","statementMap":{"0":{"start":{"line":1,"column":0},"end":{"line":1,"column":51}},"1":{"start":{"line":27,"column":20},"end":{"line":50,"column":null}},"2":{"start":{"line":53,"column":13},"end":{"line":53,"column":69}}},"fnMap":{},"branchMap":{},"s":{"0":1,"1":1,"2":1},"f":{},"b":{}}
,"C:\\Github\\Candles-Cuddles\\backend\\src\\models\\Product.ts": {"path":"C:\\Github\\Candles-Cuddles\\backend\\src\\models\\Product.ts","statementMap":{"0":{"start":{"line":1,"column":0},"end":{"line":1,"column":51}},"1":{"start":{"line":15,"column":22},"end":{"line":27,"column":null}},"2":{"start":{"line":30,"column":13},"end":{"line":30,"column":77}}},"fnMap":{},"branchMap":{},"s":{"0":1,"1":1,"2":1},"f":{},"b":{}}
,"C:\\Github\\Candles-Cuddles\\backend\\src\\routes\\index.ts": {"path":"C:\\Github\\Candles-Cuddles\\backend\\src\\routes\\index.ts","statementMap":{"0":{"start":{"line":1,"column":0},"end":{"line":1,"column":33}},"1":{"start":{"line":2,"column":0},"end":{"line":2,"column":71}},"2":{"start":{"line":3,"column":0},"end":{"line":3,"column":null}},"3":{"start":{"line":10,"column":0},"end":{"line":10,"column":112}},"4":{"start":{"line":11,"column":0},"end":{"line":11,"column":74}},"5":{"start":{"line":12,"column":0},"end":{"line":12,"column":74}},"6":{"start":{"line":13,"column":0},"end":{"line":13,"column":78}},"7":{"start":{"line":14,"column":0},"end":{"line":14,"column":64}},"8":{"start":{"line":15,"column":0},"end":{"line":15,"column":52}},"9":{"start":{"line":17,"column":15},"end":{"line":17,"column":23}},"10":{"start":{"line":49,"column":19},"end":{"line":49,"column":25}},"11":{"start":{"line":18,"column":20},"end":{"line":18,"column":28}},"12":{"start":{"line":20,"column":0},"end":{"line":20,"column":32}},"13":{"start":{"line":21,"column":0},"end":{"line":21,"column":32}},"14":{"start":{"line":22,"column":0},"end":{"line":25,"column":3}},"15":{"start":{"line":23,"column":2},"end":{"line":23,"column":55}},"16":{"start":{"line":24,"column":2},"end":{"line":24,"column":44}},"17":{"start":{"line":27,"column":0},"end":{"line":27,"column":38}},"18":{"start":{"line":28,"column":0},"end":{"line":28,"column":40}},"19":{"start":{"line":30,"column":0},"end":{"line":30,"column":43}},"20":{"start":{"line":31,"column":0},"end":{"line":31,"column":43}},"21":{"start":{"line":33,"column":0},"end":{"line":33,"column":55}},"22":{"start":{"line":35,"column":0},"end":{"line":35,"column":56}},"23":{"start":{"line":37,"column":0},"end":{"line":37,"column":39}},"24":{"start":{"line":38,"column":0},"end":{"line":38,"column":82}},"25":{"start":{"line":40,"column":0},"end":{"line":40,"column":63}},"26":{"start":{"line":41,"column":0},"end":{"line":41,"column":39}},"27":{"start":{"line":42,"column":0},"end":{"line":42,"column":64}},"28":{"start":{"line":43,"column":0},"end":{"line":43,"column":50}},"29":{"start":{"line":44,"column":0},"end":{"line":44,"column":55}},"30":{"start":{"line":45,"column":0},"end":{"line":45,"column":56}},"31":{"start":{"line":47,"column":0},"end":{"line":47,"column":34}}},"fnMap":{"0":{"name":"(anonymous_0)","decl":{"start":{"line":22,"column":23},"end":{"line":22,"column":28}},"loc":{"start":{"line":22,"column":43},"end":{"line":25,"column":1}}}},"branchMap":{},"s":{"0":1,"1":1,"2":1,"3":1,"4":1,"5":1,"6":1,"7":1,"8":1,"9":1,"10":1,"11":1,"12":1,"13":1,"14":1,"15":0,"16":0,"17":1,"18":1,"19":1,"20":1,"21":1,"22":1,"23":1,"24":1,"25":1,"26":1,"27":1,"28":1,"29":1,"30":1,"31":1},"f":{"0":0},"b":{}}
,"C:\\Github\\Candles-Cuddles\\backend\\src\\services\\order.service.ts": {"path":"C:\\Github\\Candles-Cuddles\\backend\\src\\services\\order.service.ts","statementMap":{"0":{"start":{"line":1,"column":0},"end":{"line":1,"column":33}},"1":{"start":{"line":2,"column":0},"end":{"line":2,"column":60}},"2":{"start":{"line":3,"column":0},"end":{"line":3,"column":49}},"3":{"start":{"line":10,"column":28},"end":{"line":31,"column":1}},"4":{"start":{"line":11,"column":14},"end":{"line":11,"column":69}},"5":{"start":{"line":11,"column":34},"end":{"line":11,"column":68}},"6":{"start":{"line":12,"column":19},"end":{"line":12,"column":79}},"7":{"start":{"line":13,"column":27},"end":{"line":27,"column":4}},"8":{"start":{"line":14,"column":20},"end":{"line":14,"column":77}},"9":{"start":{"line":14,"column":41},"end":{"line":14,"column":76}},"10":{"start":{"line":15,"column":4},"end":{"line":17,"column":5}},"11":{"start":{"line":16,"column":6},"end":{"line":16,"column":63}},"12":{"start":{"line":18,"column":4},"end":{"line":20,"column":5}},"13":{"start":{"line":19,"column":6},"end":{"line":19,"column":65}},"14":{"start":{"line":21,"column":4},"end":{"line":26,"column":6}},"15":{"start":{"line":29,"column":17},"end":{"line":29,"column":87}},"16":{"start":{"line":29,"column":56},"end":{"line":29,"column":83}},"17":{"start":{"line":30,"column":2},"end":{"line":30,"column":45}},"18":{"start":{"line":10,"column":13},"end":{"line":10,"column":28}},"19":{"start":{"line":33,"column":31},"end":{"line":39,"column":1}},"20":{"start":{"line":38,"column":2},"end":{"line":38,"column":84}},"21":{"start":{"line":33,"column":13},"end":{"line":33,"column":31}}},"fnMap":{"0":{"name":"(anonymous_0)","decl":{"start":{"line":10,"column":28},"end":{"line":10,"column":33}},"loc":{"start":{"line":10,"column":61},"end":{"line":31,"column":1}}},"1":{"name":"(anonymous_1)","decl":{"start":{"line":11,"column":24},"end":{"line":11,"column":25}},"loc":{"start":{"line":11,"column":34},"end":{"line":11,"column":68}}},"2":{"name":"(anonymous_2)","decl":{"start":{"line":13,"column":37},"end":{"line":13,"column":38}},"loc":{"start":{"line":13,"column":46},"end":{"line":27,"column":3}}},"3":{"name":"(anonymous_3)","decl":{"start":{"line":14,"column":34},"end":{"line":14,"column":35}},"loc":{"start":{"line":14,"column":41},"end":{"line":14,"column":76}}},"4":{"name":"(anonymous_4)","decl":{"start":{"line":29,"column":41},"end":{"line":29,"column":42}},"loc":{"start":{"line":29,"column":56},"end":{"line":29,"column":83}}},"5":{"name":"(anonymous_5)","decl":{"start":{"line":33,"column":31},"end":{"line":33,"column":36}},"loc":{"start":{"line":37,"column":4},"end":{"line":39,"column":1}}}},"branchMap":{"0":{"loc":{"start":{"line":15,"column":4},"end":{"line":17,"column":5}},"type":"if","locations":[{"start":{"line":15,"column":4},"end":{"line":17,"column":5}},{"start":{},"end":{}}]},"1":{"loc":{"start":{"line":18,"column":4},"end":{"line":20,"column":5}},"type":"if","locations":[{"start":{"line":18,"column":4},"end":{"line":20,"column":5}},{"start":{},"end":{}}]}},"s":{"0":1,"1":1,"2":1,"3":1,"4":1,"5":1,"6":1,"7":1,"8":1,"9":1,"10":1,"11":0,"12":1,"13":0,"14":1,"15":1,"16":1,"17":1,"18":1,"19":1,"20":0,"21":1},"f":{"0":1,"1":1,"2":1,"3":1,"4":1,"5":0},"b":{"0":[0,1],"1":[0,1]}}
,"C:\\Github\\Candles-Cuddles\\backend\\src\\services\\razorpay.service.ts": {"path":"C:\\Github\\Candles-Cuddles\\backend\\src\\services\\razorpay.service.ts","statementMap":{"0":{"start":{"line":1,"column":0},"end":{"line":1,"column":32}},"1":{"start":{"line":2,"column":0},"end":{"line":2,"column":28}},"2":{"start":{"line":3,"column":0},"end":{"line":3,"column":36}},"3":{"start":{"line":5,"column":17},"end":{"line":8,"column":2}},"4":{"start":{"line":10,"column":35},"end":{"line":17,"column":1}},"5":{"start":{"line":11,"column":2},"end":{"line":16,"column":5}},"6":{"start":{"line":10,"column":13},"end":{"line":10,"column":35}},"7":{"start":{"line":19,"column":39},"end":{"line":32,"column":1}},"8":{"start":{"line":28,"column":15},"end":{"line":28,"column":67}},"9":{"start":{"line":29,"column":2},"end":{"line":29,"column":57}},"10":{"start":{"line":30,"column":17},"end":{"line":30,"column":35}},"11":{"start":{"line":31,"column":2},"end":{"line":31,"column":30}},"12":{"start":{"line":19,"column":13},"end":{"line":19,"column":39}},"13":{"start":{"line":34,"column":38},"end":{"line":39,"column":1}},"14":{"start":{"line":35,"column":15},"end":{"line":35,"column":71}},"15":{"start":{"line":36,"column":2},"end":{"line":36,"column":23}},"16":{"start":{"line":37,"column":17},"end":{"line":37,"column":35}},"17":{"start":{"line":38,"column":2},"end":{"line":38,"column":30}},"18":{"start":{"line":34,"column":13},"end":{"line":34,"column":38}}},"fnMap":{"0":{"name":"(anonymous_1)","decl":{"start":{"line":10,"column":35},"end":{"line":10,"column":40}},"loc":{"start":{"line":10,"column":107},"end":{"line":17,"column":1}}},"1":{"name":"(anonymous_2)","decl":{"start":{"line":19,"column":39},"end":{"line":19,"column":40}},"loc":{"start":{"line":27,"column":5},"end":{"line":32,"column":1}}},"2":{"name":"(anonymous_3)","decl":{"start":{"line":34,"column":38},"end":{"line":34,"column":39}},"loc":{"start":{"line":34,"column":77},"end":{"line":39,"column":1}}}},"branchMap":{},"s":{"0":2,"1":2,"2":2,"3":2,"4":2,"5":0,"6":2,"7":2,"8":1,"9":1,"10":1,"11":1,"12":2,"13":2,"14":1,"15":1,"16":1,"17":1,"18":2},"f":{"0":0,"1":1,"2":1},"b":{}}
}
